<?xml version="1.0" encoding="UTF-8"?>
<testsuite name="com.test.crm_app.IntegrationTest" tests="4" skipped="0" failures="0" errors="0" timestamp="2024-10-20T16:43:54" hostname="DESKTOP-IS0KRPB" time="1.121">
  <properties/>
  <testcase name="testCreateSeller()" classname="com.test.crm_app.IntegrationTest" time="1.001"/>
  <testcase name="testUpdateSeller()" classname="com.test.crm_app.IntegrationTest" time="0.036"/>
  <testcase name="testGetAllSellers()" classname="com.test.crm_app.IntegrationTest" time="0.069"/>
  <testcase name="testGetSellerById()" classname="com.test.crm_app.IntegrationTest" time="0.01"/>
  <system-out><![CDATA[23:43:45.690 [Test worker] INFO org.springframework.test.context.support.AnnotationConfigContextLoaderUtils -- Could not detect default configuration classes for test class [com.test.crm_app.IntegrationTest]: IntegrationTest does not declare any static, non-private, non-final, nested classes annotated with @Configuration.
23:43:45.856 [Test worker] INFO org.springframework.boot.test.context.SpringBootTestContextBootstrapper -- Found @SpringBootConfiguration com.test.crm_app.CrmAppApplication for test class com.test.crm_app.IntegrationTest

  .   ____          _            __ _ _
 /\\ / ___'_ __ _ _(_)_ __  __ _ \ \ \ \
( ( )\___ | '_ | '_| | '_ \/ _` | \ \ \ \
 \\/  ___)| |_)| | | | | || (_| |  ) ) ) )
  '  |____| .__|_| |_|_| |_\__, | / / / /
 =========|_|==============|___/=/_/_/_/

 :: Spring Boot ::                (v3.3.4)

2024-10-20T23:43:46.431+07:00  INFO 29596 --- [    Test worker] com.test.crm_app.IntegrationTest         : Starting IntegrationTest using Java 17.0.11 with PID 29596 (started by yanak in C:\Users\yanak\IdeaProjects\crm_app)
2024-10-20T23:43:46.433+07:00  INFO 29596 --- [    Test worker] com.test.crm_app.IntegrationTest         : No active profile set, falling back to 1 default profile: "default"
2024-10-20T23:43:47.415+07:00  INFO 29596 --- [    Test worker] .s.d.r.c.RepositoryConfigurationDelegate : Bootstrapping Spring Data JPA repositories in DEFAULT mode.
2024-10-20T23:43:47.500+07:00  INFO 29596 --- [    Test worker] .s.d.r.c.RepositoryConfigurationDelegate : Finished Spring Data repository scanning in 64 ms. Found 2 JPA repository interfaces.
2024-10-20T23:43:48.266+07:00  INFO 29596 --- [    Test worker] com.zaxxer.hikari.HikariDataSource       : HikariPool-1 - Starting...
2024-10-20T23:43:48.716+07:00  INFO 29596 --- [    Test worker] com.zaxxer.hikari.pool.HikariPool        : HikariPool-1 - Added connection org.postgresql.jdbc.PgConnection@2c06b113
2024-10-20T23:43:48.720+07:00  INFO 29596 --- [    Test worker] com.zaxxer.hikari.HikariDataSource       : HikariPool-1 - Start completed.
2024-10-20T23:43:48.805+07:00  INFO 29596 --- [    Test worker] o.hibernate.jpa.internal.util.LogHelper  : HHH000204: Processing PersistenceUnitInfo [name: default]
2024-10-20T23:43:49.045+07:00  INFO 29596 --- [    Test worker] org.hibernate.Version                    : HHH000412: Hibernate ORM core version 6.5.3.Final
2024-10-20T23:43:49.208+07:00  INFO 29596 --- [    Test worker] o.h.c.internal.RegionFactoryInitiator    : HHH000026: Second-level cache disabled
2024-10-20T23:43:49.438+07:00  INFO 29596 --- [    Test worker] o.h.e.boot.internal.EnversServiceImpl    : Envers integration enabled? : true
2024-10-20T23:43:49.856+07:00  INFO 29596 --- [    Test worker] o.s.o.j.p.SpringPersistenceUnitInfo      : No LoadTimeWeaver setup: ignoring JPA class transformer
2024-10-20T23:43:50.841+07:00  INFO 29596 --- [    Test worker] o.h.e.t.j.p.i.JtaPlatformInitiator       : HHH000489: No JTA platform available (set 'hibernate.transaction.jta.platform' to enable JTA platform integration)
2024-10-20T23:43:50.844+07:00  INFO 29596 --- [    Test worker] j.LocalContainerEntityManagerFactoryBean : Initialized JPA EntityManagerFactory for persistence unit 'default'
2024-10-20T23:43:51.524+07:00  INFO 29596 --- [    Test worker] o.s.d.j.r.query.QueryEnhancerFactory     : Hibernate is in classpath; If applicable, HQL parser will be used.
2024-10-20T23:43:53.201+07:00  WARN 29596 --- [    Test worker] JpaBaseConfiguration$JpaWebConfiguration : spring.jpa.open-in-view is enabled by default. Therefore, database queries may be performed during view rendering. Explicitly configure spring.jpa.open-in-view to disable this warning
2024-10-20T23:43:54.400+07:00  INFO 29596 --- [    Test worker] o.s.b.t.m.w.SpringBootMockServletContext : Initializing Spring TestDispatcherServlet ''
2024-10-20T23:43:54.401+07:00  INFO 29596 --- [    Test worker] o.s.t.web.servlet.TestDispatcherServlet  : Initializing Servlet ''
2024-10-20T23:43:54.407+07:00  INFO 29596 --- [    Test worker] o.s.t.web.servlet.TestDispatcherServlet  : Completed initialization in 3 ms
2024-10-20T23:43:54.461+07:00  INFO 29596 --- [    Test worker] com.test.crm_app.IntegrationTest         : Started IntegrationTest in 8.403 seconds (process running for 10.047)
]]></system-out>
  <system-err><![CDATA[]]></system-err>
</testsuite>
